<?xml version="1.0" encoding="UTF-8"?>
<!-- Generated by org.testng.reporters.JUnitXMLReporter -->
<testsuite hostname="DESKTOP-MVKCGI6" ignored="0" name="Default test" tests="3" failures="0" timestamp="2021-06-20T17:34:00 IST" time="0.155" errors="0">
  <testcase name="@BeforeTest launchBrowser" time="-1.624190640527E9" classname="com.test.classes.TestClass">
    <failure type="org.testng.TestNGException" message="
Parameter &amp;apos;browser&amp;apos; is required by BeforeTest on method launchBrowser but has not been marked @Optional or defined
in C:\Users\qwertyui\AppData\Local\Temp\testng-eclipse--1269221024\testng-customsuite.xml">
      <![CDATA[org.testng.TestNGException: 
Parameter 'browser' is required by BeforeTest on method launchBrowser but has not been marked @Optional or defined
in C:\Users\qwertyui\AppData\Local\Temp\testng-eclipse--1269221024\testng-customsuite.xml
at org.testng.internal.Parameters.createParams(Parameters.java:272)
at org.testng.internal.Parameters.createParametersForMethod(Parameters.java:360)
at org.testng.internal.Parameters.createParameters(Parameters.java:704)
at org.testng.internal.Parameters.createConfigurationParameters(Parameters.java:166)
at org.testng.internal.ConfigInvoker.invokeConfigurations(ConfigInvoker.java:283)
at org.testng.TestRunner.invokeTestConfigurations(TestRunner.java:619)
at org.testng.TestRunner.beforeRun(TestRunner.java:609)
at org.testng.TestRunner.run(TestRunner.java:580)
at org.testng.SuiteRunner.runTest(SuiteRunner.java:384)
at org.testng.SuiteRunner.runSequentially(SuiteRunner.java:378)
at org.testng.SuiteRunner.privateRun(SuiteRunner.java:337)
at org.testng.SuiteRunner.run(SuiteRunner.java:286)
at org.testng.SuiteRunnerWorker.runSuite(SuiteRunnerWorker.java:53)
at org.testng.SuiteRunnerWorker.run(SuiteRunnerWorker.java:96)
at org.testng.TestNG.runSuitesSequentially(TestNG.java:1187)
at org.testng.TestNG.runSuitesLocally(TestNG.java:1109)
at org.testng.TestNG.runSuites(TestNG.java:1039)
at org.testng.TestNG.run(TestNG.java:1007)
at org.testng.remote.AbstractRemoteTestNG.run(AbstractRemoteTestNG.java:115)
at org.testng.remote.RemoteTestNG.initAndRun(RemoteTestNG.java:251)
at org.testng.remote.RemoteTestNG.main(RemoteTestNG.java:77)
]]>
    </failure>
  </testcase> <!-- @BeforeTest launchBrowser -->
  <testcase name="@BeforeClass beforeClass" time="-1.624190640575E9" classname="com.test.classes.TestClass">
    <skipped/>
  </testcase> <!-- @BeforeClass beforeClass -->
  <testcase name="@BeforeMethod beforeMethod" time="-1.624190640598E9" classname="com.test.classes.TestClass">
    <skipped/>
  </testcase> <!-- @BeforeMethod beforeMethod -->
  <testcase name="@AfterMethod logoutActiTime" time="-1.624190640619E9" classname="com.test.classes.TestClass">
    <skipped/>
  </testcase> <!-- @AfterMethod logoutActiTime -->
  <testcase name="@BeforeMethod beforeMethod" time="-1.624190640622E9" classname="com.test.classes.TestClass">
    <skipped/>
  </testcase> <!-- @BeforeMethod beforeMethod -->
  <testcase name="@AfterMethod logoutActiTime" time="-1.62419064063E9" classname="com.test.classes.TestClass">
    <skipped/>
  </testcase> <!-- @AfterMethod logoutActiTime -->
  <testcase name="@BeforeMethod beforeMethod" time="-1.624190640633E9" classname="com.test.classes.TestClass">
    <skipped/>
  </testcase> <!-- @BeforeMethod beforeMethod -->
  <testcase name="@AfterMethod logoutActiTime" time="-1.624190640653E9" classname="com.test.classes.TestClass">
    <skipped/>
  </testcase> <!-- @AfterMethod logoutActiTime -->
  <testcase name="@AfterClass afterClass" time="-1.624190640658E9" classname="com.test.classes.TestClass">
    <skipped/>
  </testcase> <!-- @AfterClass afterClass -->
  <testcase name="@AfterTest afterTest" time="-1.624190640663E9" classname="com.test.classes.TestClass">
    <skipped/>
  </testcase> <!-- @AfterTest afterTest -->
  <testcase name="verifyReportsLink" time="0.0" classname="com.test.classes.TestClass">
    <skipped/>
  </testcase> <!-- verifyReportsLink -->
  <testcase name="verifyTaskLink" time="0.0" classname="com.test.classes.TestClass">
    <skipped/>
  </testcase> <!-- verifyTaskLink -->
  <testcase name="verifyUsersLink" time="0.0" classname="com.test.classes.TestClass">
    <skipped/>
  </testcase> <!-- verifyUsersLink -->
</testsuite> <!-- Default test -->
