<?xml version="1.0" encoding="UTF-8"?>
<!-- Generated by org.testng.reporters.JUnitReportReporter -->
<testsuite skipped="4" hostname="DESKTOP-MVKCGI6" name="com.test.classes.TestClass1" tests="5" failures="0" timestamp="2021-06-17T23:53:45 IST" time="-1623954176.000" errors="1">
  <testcase name="launchBrowser" time="-1623954176.000" classname="com.test.classes.TestClass1">
    <error type="org.testng.TestNGException" message="
Parameter &#039;browser&#039; is required by BeforeTest on method launchBrowser but has not been marked @Optional or defined
in C:\Users\qwertyui\AppData\Local\Temp\testng-eclipse-1542942446\testng-customsuite.xml">
      <![CDATA[org.testng.TestNGException: 
Parameter 'browser' is required by BeforeTest on method launchBrowser but has not been marked @Optional or defined
in C:\Users\qwertyui\AppData\Local\Temp\testng-eclipse-1542942446\testng-customsuite.xml
at org.testng.internal.Parameters.createParams(Parameters.java:272)
at org.testng.internal.Parameters.createParametersForMethod(Parameters.java:360)
at org.testng.internal.Parameters.createParameters(Parameters.java:704)
at org.testng.internal.Parameters.createConfigurationParameters(Parameters.java:166)
at org.testng.internal.ConfigInvoker.invokeConfigurations(ConfigInvoker.java:283)
at org.testng.TestRunner.invokeTestConfigurations(TestRunner.java:619)
at org.testng.TestRunner.beforeRun(TestRunner.java:609)
at org.testng.TestRunner.run(TestRunner.java:580)
at org.testng.SuiteRunner.runTest(SuiteRunner.java:384)
at org.testng.SuiteRunner.runSequentially(SuiteRunner.java:378)
at org.testng.SuiteRunner.privateRun(SuiteRunner.java:337)
at org.testng.SuiteRunner.run(SuiteRunner.java:286)
at org.testng.SuiteRunnerWorker.runSuite(SuiteRunnerWorker.java:53)
at org.testng.SuiteRunnerWorker.run(SuiteRunnerWorker.java:96)
at org.testng.TestNG.runSuitesSequentially(TestNG.java:1187)
at org.testng.TestNG.runSuitesLocally(TestNG.java:1109)
at org.testng.TestNG.runSuites(TestNG.java:1039)
at org.testng.TestNG.run(TestNG.java:1007)
at org.testng.remote.AbstractRemoteTestNG.run(AbstractRemoteTestNG.java:115)
at org.testng.remote.RemoteTestNG.initAndRun(RemoteTestNG.java:251)
at org.testng.remote.RemoteTestNG.main(RemoteTestNG.java:77)
]]>
    </error>
  </testcase> <!-- launchBrowser -->
  <system-out/>
  <testcase name="verifyUsersLink" time="0.000" classname="com.test.classes.TestClass1">
    <skipped/>
  </testcase> <!-- verifyUsersLink -->
  <system-out/>
  <testcase name="verifyReportsLink" time="0.000" classname="com.test.classes.TestClass1">
    <skipped/>
  </testcase> <!-- verifyReportsLink -->
  <system-out/>
  <testcase name="verifyTaskLink" time="0.000" classname="com.test.classes.TestClass1">
    <skipped/>
  </testcase> <!-- verifyTaskLink -->
  <system-out/>
  <testcase name="ExcelData" time="0.000" classname="com.test.classes.TestClass1">
    <skipped/>
  </testcase> <!-- ExcelData -->
  <system-out/>
</testsuite> <!-- com.test.classes.TestClass1 -->
